<?xml version="1.0" encoding="UTF-8"?>
<!-- Generated by org.testng.reporters.JUnitXMLReporter -->
<testsuite hostname="DESKTOP-19NCAKV" ignored="1" name="Default test" tests="10" failures="0" timestamp="2022-06-03T15:29:11 IST" time="0.153" errors="0">
  <testcase name="test123" time="0.009" classname="tasks.Provider"/>
  <testcase name="test123" time="0.001" classname="tasks.Provider"/>
  <testcase name="test123" time="0.002" classname="tasks.Provider"/>
  <testcase name="test123" time="0.002" classname="tasks.Provider"/>
  <testcase name="test123" time="0.001" classname="tasks.Provider"/>
  <testcase name="test123" time="0.002" classname="tasks.Provider"/>
  <testcase name="test123" time="0.003" classname="tasks.Provider"/>
  <testcase name="test123" time="0.003" classname="tasks.Provider"/>
  <testcase name="test123" time="0.005" classname="tasks.Provider"/>
  <testcase name="test123" time="0.002" classname="tasks.Provider"/>
  <testcase name="test" time="0.0" classname="tasks.DynamicDDT2">
    <ignored/>
  </testcase> <!-- test -->
</testsuite> <!-- Default test -->
