<?xml version="1.0" encoding="UTF-8"?>
<!-- Generated by org.testng.reporters.JUnitXMLReporter -->
<testsuite hostname="DESKTOP-19NCAKV" ignored="0" name="Default test" tests="3" failures="0" timestamp="2022-05-31T16:29:31 IST" time="53.509" errors="0">
  <testcase name="loginDDT" time="12.575" classname="testng.DataProvider2"/>
  <testcase name="loginDDT" time="7.652" classname="testng.DataProvider2"/>
  <testcase name="loginDDT" time="17.61" classname="testng.DataProvider2"/>
</testsuite> <!-- Default test -->
