<?xml version="1.0" encoding="UTF-8"?>
<!-- Generated by org.testng.reporters.JUnitXMLReporter -->
<testsuite hostname="DESKTOP-19NCAKV" ignored="5" name="Test" tests="7" failures="0" timestamp="2022-06-01T17:46:13 IST" time="0.126" errors="0">
  <testcase name="test" time="0.019" classname="testng.Groups"/>
  <testcase name="test1" time="0.002" classname="testng.Groups"/>
  <testcase name="test2" time="0.002" classname="testng.Groups"/>
  <testcase name="test3" time="0.002" classname="testng.Groups"/>
  <testcase name="test4" time="0.002" classname="testng.Groups"/>
  <testcase name="test5" time="0.002" classname="testng.Groups"/>
  <testcase name="test6" time="0.002" classname="testng.Groups"/>
  <testcase name="test4" time="0.0" classname="testng.BeforeGroup">
    <ignored/>
  </testcase> <!-- test4 -->
  <testcase name="test2" time="0.0" classname="testng.BeforeGroup">
    <ignored/>
  </testcase> <!-- test2 -->
  <testcase name="test3" time="0.0" classname="testng.BeforeGroup">
    <ignored/>
  </testcase> <!-- test3 -->
  <testcase name="test" time="0.0" classname="testng.BeforeGroup">
    <ignored/>
  </testcase> <!-- test -->
  <testcase name="loginDDT" time="0.0" classname="testng.DataProvider2">
    <ignored/>
  </testcase> <!-- loginDDT -->
</testsuite> <!-- Test -->
