<?xml version="1.0" encoding="UTF-8"?>
<!-- Generated by org.testng.reporters.JUnitXMLReporter -->
<testsuite hostname="DESKTOP-19NCAKV" ignored="3" name="GRP-sanity" tests="4" failures="0" timestamp="2022-05-26T19:42:51 IST" time="0.106" errors="0">
  <testcase name="test" time="0.016" classname="testng.Groups"/>
  <testcase name="test2" time="0.004" classname="testng.Groups"/>
  <testcase name="test4" time="0.001" classname="testng.Groups"/>
  <testcase name="test6" time="0.002" classname="testng.Groups"/>
  <testcase name="test1" time="0.0" classname="testng.Groups">
    <ignored/>
  </testcase> <!-- test1 -->
  <testcase name="test3" time="0.0" classname="testng.Groups">
    <ignored/>
  </testcase> <!-- test3 -->
  <testcase name="test5" time="0.0" classname="testng.Groups">
    <ignored/>
  </testcase> <!-- test5 -->
</testsuite> <!-- GRP-sanity -->
