<?xml version="1.0" encoding="UTF-8"?>
<!-- Generated by org.testng.reporters.JUnitXMLReporter -->
<testsuite hostname="DESKTOP-19NCAKV" ignored="3" name="GRP-Regression" tests="4" failures="0" timestamp="2022-05-26T19:42:37 IST" time="0.114" errors="0">
  <testcase name="test" time="0.016" classname="testng.Groups"/>
  <testcase name="test1" time="0.003" classname="testng.Groups"/>
  <testcase name="test2" time="0.002" classname="testng.Groups"/>
  <testcase name="test3" time="0.002" classname="testng.Groups"/>
  <testcase name="test4" time="0.0" classname="testng.Groups">
    <ignored/>
  </testcase> <!-- test4 -->
  <testcase name="test5" time="0.0" classname="testng.Groups">
    <ignored/>
  </testcase> <!-- test5 -->
  <testcase name="test6" time="0.0" classname="testng.Groups">
    <ignored/>
  </testcase> <!-- test6 -->
</testsuite> <!-- GRP-Regression -->
