<?xml version="1.0" encoding="UTF-8"?>
<testng-results skipped="0" failed="0" ignored="0" total="1" passed="1">
  <reporter-output>
  </reporter-output>
  <suite name="Default suite" duration-ms="37242" started-at="2022-05-20T19:44:39 IST" finished-at="2022-05-20T19:45:16 IST">
    <groups>
    </groups>
    <test name="Default test" duration-ms="37242" started-at="2022-05-20T19:44:39 IST" finished-at="2022-05-20T19:45:16 IST">
      <class name="mousehover.MouseHover3">
        <test-method status="PASS" signature="mousehover3()[pri:0, instance:mousehover.MouseHover3@954b04f]" name="mousehover3" duration-ms="37174" started-at="2022-05-20T19:44:39 IST" finished-at="2022-05-20T19:45:16 IST">
          <reporter-output>
          </reporter-output>
        </test-method> <!-- mousehover3 -->
      </class> <!-- mousehover.MouseHover3 -->
    </test> <!-- Default test -->
  </suite> <!-- Default suite -->
</testng-results>
